<?xml version="1.0" encoding="UTF-8"?>
<testng-results skipped="0" failed="1" ignored="0" total="4" passed="3">
  <reporter-output>
  </reporter-output>
  <suite name="test-parameter" duration-ms="901" started-at="2022-09-14T08:44:44Z" finished-at="2022-09-14T08:44:44Z">
    <groups>
    </groups>
    <test name="examplel" duration-ms="901" started-at="2022-09-14T08:44:44Z" finished-at="2022-09-14T08:44:44Z">
      <class name="com.hxk.online.TestDemo2">
        <test-method status="PASS" signature="test1()[pri:0, instance:com.hxk.online.TestDemo2@d2cc05a]" name="test1" duration-ms="0" started-at="2022-09-14T16:44:44Z" finished-at="2022-09-14T16:44:44Z">
          <reporter-output>
          </reporter-output>
        </test-method> <!-- test1 -->
      </class> <!-- com.hxk.online.TestDemo2 -->
      <class name="com.hxk.online.TestDemo">
        <test-method status="PASS" signature="test1()[pri:0, instance:com.hxk.online.TestDemo@7dc7cbad]" name="test1" duration-ms="0" started-at="2022-09-14T16:44:44Z" finished-at="2022-09-14T16:44:44Z">
          <reporter-output>
          </reporter-output>
        </test-method> <!-- test1 -->
      </class> <!-- com.hxk.online.TestDemo -->
      <class name="com.hxk.online.CourseRecord404">
        <test-method status="FAIL" signature="wo404()[pri:0, instance:com.hxk.online.CourseRecord404@735b5592]" name="wo404" duration-ms="697" started-at="2022-09-14T16:44:44Z" finished-at="2022-09-14T16:44:44Z">
          <exception class="java.lang.AssertionError">
            <message>
              <![CDATA[服务器返回的状态码不是200 expected [200] but found [503]]]>
            </message>
            <full-stacktrace>
              <![CDATA[java.lang.AssertionError: 服务器返回的状态码不是200 expected [200] but found [503]
	at org.testng.Assert.fail(Assert.java:94)
	at org.testng.Assert.failNotEquals(Assert.java:513)
	at org.testng.Assert.assertEqualsImpl(Assert.java:135)
	at org.testng.Assert.assertEquals(Assert.java:116)
	at org.testng.Assert.assertEquals(Assert.java:389)
	at com.hxk.online.CourseRecord404.wo404(CourseRecord404.java:61)
	at sun.reflect.NativeMethodAccessorImpl.invoke0(Native Method)
	at sun.reflect.NativeMethodAccessorImpl.invoke(NativeMethodAccessorImpl.java:62)
	at sun.reflect.DelegatingMethodAccessorImpl.invoke(DelegatingMethodAccessorImpl.java:43)
	at java.lang.reflect.Method.invoke(Method.java:498)
	at org.testng.internal.MethodInvocationHelper.invokeMethod(MethodInvocationHelper.java:104)
	at org.testng.internal.Invoker.invokeMethod(Invoker.java:645)
	at org.testng.internal.Invoker.invokeTestMethod(Invoker.java:851)
	at org.testng.internal.Invoker.invokeTestMethods(Invoker.java:1177)
	at org.testng.internal.TestMethodWorker.invokeTestMethods(TestMethodWorker.java:129)
	at org.testng.internal.TestMethodWorker.run(TestMethodWorker.java:112)
	at org.testng.TestRunner.privateRun(TestRunner.java:756)
	at org.testng.TestRunner.run(TestRunner.java:610)
	at org.testng.SuiteRunner.runTest(SuiteRunner.java:387)
	at org.testng.SuiteRunner.runSequentially(SuiteRunner.java:382)
	at org.testng.SuiteRunner.privateRun(SuiteRunner.java:340)
	at org.testng.SuiteRunner.run(SuiteRunner.java:289)
	at org.testng.SuiteRunnerWorker.runSuite(SuiteRunnerWorker.java:52)
	at org.testng.SuiteRunnerWorker.run(SuiteRunnerWorker.java:86)
	at org.testng.TestNG.runSuitesSequentially(TestNG.java:1293)
	at org.testng.TestNG.runSuitesLocally(TestNG.java:1218)
	at org.testng.TestNG.runSuites(TestNG.java:1133)
	at org.testng.TestNG.run(TestNG.java:1104)
	at com.intellij.rt.testng.IDEARemoteTestNG.run(IDEARemoteTestNG.java:66)
	at com.intellij.rt.testng.RemoteTestNGStarter.main(RemoteTestNGStarter.java:110)
]]>
            </full-stacktrace>
          </exception> <!-- java.lang.AssertionError -->
          <reporter-output>
          </reporter-output>
        </test-method> <!-- wo404 -->
      </class> <!-- com.hxk.online.CourseRecord404 -->
      <class name="com.hxk.online.Index">
        <test-method status="PASS" signature="index()[pri:0, instance:com.hxk.online.Index@5419f379]" name="index" duration-ms="170" started-at="2022-09-14T16:44:44Z" finished-at="2022-09-14T16:44:44Z">
          <reporter-output>
          </reporter-output>
        </test-method> <!-- index -->
      </class> <!-- com.hxk.online.Index -->
    </test> <!-- examplel -->
  </suite> <!-- test-parameter -->
</testng-results>
